[2014-12-08 17:25:19] Server started at 127.0.0.1:6667                      
[2014-12-08 17:25:25] Client #0 connected
[2014-12-08 17:25:25] => :PHPIrc NOTICE AUTH :***************************************************
[2014-12-08 17:25:25] => :PHPIrc NOTICE AUTH :***         Welcome by PHP Irc.                 ***
[2014-12-08 17:25:25] => :PHPIrc NOTICE AUTH :*** © WDGWV, All Rights Reserved, www.wdgwv.com ***
[2014-12-08 17:25:25] => :PHPIrc NOTICE AUTH :***************************************************
[2014-12-08 17:25:25] => :PHPIrc NOTICE AUTH : 
[2014-12-08 17:25:25] => :PHPIrc NOTICE AUTH :*** Looking up your hostname...
[2014-12-08 17:25:25] => :PHPIrc NOTICE AUTH :*** Found your IP Adress (127.0.0.1 @ 62839)
[2014-12-08 17:25:25] => :PHPIrc NOTICE AUTH :*** Found your hostname  (localhost)
[2014-12-08 17:25:25] 0 Says: PASS Wes1/GC:wtc2001.
[2014-12-08 17:25:25] 0 Says: CAP LS.
[2014-12-08 17:25:25] 0 Says: NICK Wes.
[2014-12-08 17:25:25] NICK[2014-12-08 17:25:25] => PING :PHPIrc
[2014-12-08 17:25:25] => :PHPIrc 001 Wes :Welcome to the PHPIrcServer IRC Network Wes!Wes@At.PHPIrc
[2014-12-08 17:25:25] => :PHPIrc 002 Wes :Your host is PHPIrcServer, running version PHPIrc 0.0.1
[2014-12-08 17:25:25] => :PHPIrc 003 Wes :This server was created Wed Jan 30 2013 at 21:16:57 CET
[2014-12-08 17:25:25] => :PHPIrc 004 Wes PHP Irc0.0.1 iowghraAsORTVSxNCWqBzvdHtGpID lvhopsmntikrRcaqOALQbSeIKVfMCuzNTGjZ
[2014-12-08 17:25:25] => :PHPIrc 005 Wes CMDS=KNOCK,MAP,DCCALLOW,USERIP,STARTTLS UHNAMES NAMESX SAFELIST HCN MAXCHANNELS=30 CHANLIMIT=#:30 MAXLIST=b:500,e:500,I:500 NICKLEN=30 CHANNELLEN=32 TOPICLEN=307 KICKLEN=307 AWAYLEN=307 :are supported by this server
[2014-12-08 17:25:25] => :PHPIrc 005 Wes MAXTARGETS=20 WALLCHOPS WATCH=128 WATCHOPTS=A SILENCE=15 MODES=12 CHANTYPES=# PREFIX=(qaohv)~&@%+ CHANMODES=beI,kfL,lj,psmntirRcOAQKVCuzNSMTGZ NETWORK=PHPIrc CASEMAPPING=ascii EXTBAN=~,qjncrRa ELIST=MNUCT :are supported by this server
[2014-12-08 17:25:25] => :PHPIrc 005 Wes STATUSMSG=~&@%+ EXCEPTS INVEX :are supported by this server
[2014-12-08 17:25:25] => :PHPIrc 251 Wes :There are 1 users and 422 invisible on 5 servers
[2014-12-08 17:25:25] => :PHPIrc 252 Wes 53 :operator(s) online
[2014-12-08 17:25:25] => :PHPIrc 254 Wes 190 :channels formed
[2014-12-08 17:25:25] => :PHPIrc 255 Wes :I have 114 clients and 1 servers
[2014-12-08 17:25:25] => :PHPIrc 265 Wes 114 207 :Current local users 114, max 207
[2014-12-08 17:25:25] => :PHPIrc 266 Wes 423 2200 :Current global users 423, max 2200
[2014-12-08 17:25:25] => :PHPIrc 375 Wes :- PHPIrc Message of the Day - 
[2014-12-08 17:25:25] => :PHPIrc 372 Wes :- 8/3/2014 13:05
[2014-12-08 17:25:25] => :PHPIrc 372 Wes :- Laatste aanpassing op 8/3/2014 @ 13:13
[2014-12-08 17:25:25] => :PHPIrc 376 Wes :End of /MOTD command.
[2014-12-08 17:25:25] => :Wes MODE Wes :+iwx
[2014-12-08 17:25:25] => :Global!services@PHPIrc NOTICE Wes :Follow @WDGWV
[2014-12-08 17:25:25] 0 Says: USER Wes Wes 127.0.0.1 :Wesley de Groot.
[2014-12-08 17:25:25] 0 Says: .
[2014-12-08 17:25:25] 0 Says: PONG :PHPIrc.
[2014-12-08 17:25:25] 0 Says: .
[2014-12-08 17:25:25] 0 Says: PROTOCTL NAMESX.
[2014-12-08 17:25:25] 0 Says: .
[2014-12-08 17:25:26] 0 Says: WATCH +Mariska +patrickekkel +Chloe +DevilShadow[L]Aapje +Trust +DMG-SAN.
[2014-12-08 17:25:26] 0 Says: .
[2014-12-08 17:25:33] 0 Says: :Wes NICK WESEJ.
[2014-12-08 17:25:33] 0 Says: .
[2014-12-08 17:25:40] 0 Says: RAW :Wes NICK WESEJ.
[2014-12-08 17:25:40] RAW
[2014-12-08 17:25:40] => :Wes NICK WESEJ
[2014-12-08 17:25:40] RAW :Wes NICK WESEJ
[2014-12-08 17:25:40] 0 Says: .
[2014-12-08 17:25:43] 0 Says: PING LAG1418009543821872.
[2014-12-08 17:25:43] 0 Says: .
[2014-12-08 17:25:48] 0 Says: :Wes NICK WESEJ.
[2014-12-08 17:25:48] 0 Says: .
[2014-12-08 17:26:13] 0 Says: PING LAG1418009573926221.
[2014-12-08 17:26:13] 0 Says: .
[2014-12-08 17:27:02] 0 Says: :Wes NICK WESEJ.
[2014-12-08 17:27:02] 0 Says: .
[2014-12-08 17:27:03] 0 Says: :Wes NICK WESEJ.
[2014-12-08 17:27:03] 0 Says: .
[2014-12-08 17:27:06] 0 Says: PING LAG1418009626663872.
[2014-12-08 17:27:06] 0 Says: .
[2014-12-08 17:27:36] 0 Says: PING LAG1418009656716298.
[2014-12-08 17:27:36] 0 Says: .
[2014-12-08 17:28:02] 0 Says: :Wes NICK WESEJ.
[2014-12-08 17:28:02] 0 Says: .
[2014-12-08 17:28:06] 0 Says: PING LAG1418009686844718.
[2014-12-08 17:28:06] 0 Says: .
[2014-12-08 17:28:36] 0 Says: PING LAG1418009716902356.
[2014-12-08 17:28:36] 0 Says: .
[2014-12-08 17:28:51] 0 Says: PRIVMSG DDDD.
[2014-12-08 17:28:51] 0 Says: .
[2014-12-08 17:29:01] 0 Says: RAW :Wes NICK WESEJ.
[2014-12-08 17:29:01] RAW
[2014-12-08 17:29:01] => :Wes NICK WESEJ
[2014-12-08 17:29:01] RAW :Wes NICK WESEJ
[2014-12-08 17:29:01] 0 Says: .
[2014-12-08 17:29:07] 0 Says: PING LAG1418009747084451.
[2014-12-08 17:29:07] 0 Says: .
[2014-12-08 17:29:27] 0 Says: RAW :WESEJ MODE +abcdefghijklmnopqrstuvwxyz.
[2014-12-08 17:29:27] RAW
[2014-12-08 17:29:27] => :WESEJ MODE +abcdefghijklmnopqrstuvwxyz
[2014-12-08 17:29:27] RAW :WESEJ MODE +abcdefghijklmnopqrstuvwxyz
[2014-12-08 17:29:27] 0 Says: .
[2014-12-08 17:29:37] 0 Says: PING LAG1418009777188938.
[2014-12-08 17:29:37] 0 Says: .
[2014-12-08 17:29:45] 0 Says: RAW :WESEJ MODE +abcdefghijklmnopqrstuvwxyz WESEJ WESEJ WESEJ WESEJ WESEJ WESEJ WESEJ WESEJ WESEJ WESEJ WESEJ.
[2014-12-08 17:29:45] RAW
[2014-12-08 17:29:45] => :WESEJ MODE +abcdefghijklmnopqrstuvwxyz WESEJ WESEJ WESEJ WESEJ WESEJ WESEJ WESEJ WESEJ WESEJ WESEJ WESEJ
[2014-12-08 17:29:45] RAW :WESEJ MODE +abcdefghijklmnopqrstuvwxyz WESEJ WESEJ WESEJ WESEJ WESEJ WESEJ WESEJ WESEJ WESEJ WESEJ WESEJ
[2014-12-08 17:29:45] 0 Says: .
[2014-12-08 17:30:00] 0 Says: RAW :WESEJ MODE +abcdefghijklmnopqrstuvwxyz WESEJ WESEJ WESEJ WESEJ WESEJ WESEJ WESEJ WESEJ WESEJ WESEJ WESEJ WESEJ WESEJ WESEJ WESEJ WESEJ WESEJ WESEJ WESEJ WESEJ WESEJ WESEJ.
[2014-12-08 17:30:00] RAW
[2014-12-08 17:30:00] => :WESEJ MODE +abcdefghijklmnopqrstuvwxyz WESEJ WESEJ WESEJ WESEJ WESEJ WESEJ WESEJ WESEJ WESEJ WESEJ WESEJ WESEJ WESEJ WESEJ WESEJ WESEJ WESEJ WESEJ WESEJ WESEJ WESEJ WESEJ
[2014-12-08 17:30:00] RAW :WESEJ MODE +abcdefghijklmnopqrstuvwxyz WESEJ WESEJ WESEJ WESEJ WESEJ WESEJ WESEJ WESEJ WESEJ WESEJ WESEJ WESEJ WESEJ WESEJ WESEJ WESEJ WESEJ WESEJ WESEJ WESEJ WESEJ WESEJ
[2014-12-08 17:30:00] 0 Says: .
[2014-12-08 17:30:07] 0 Says: PING LAG1418009807398783.
[2014-12-08 17:30:07] 0 Says: .
[2014-12-08 17:30:21] 0 Says: RAW :WESEJ MODE +abcdefghijklmnopqrstuvwxyzABCDEFGHIJKLMNOPQRSTUVWXYZ0123456789 WESEJ WESEJ WESEJ WESEJ WESEJ WESEJ WESEJ WESEJ WESEJ WESEJ WESEJ WESEJ WESEJ WESEJ WESEJ WESEJ WESEJ WESEJ WESEJ WESEJ WESEJ WESEJ.
[2014-12-08 17:30:21] RAW
[2014-12-08 17:30:21] => :WESEJ MODE +abcdefghijklmnopqrstuvwxyzABCDEFGHIJKLMNOPQRSTUVWXYZ0123456789 WESEJ WESEJ WESEJ WESEJ WESEJ WESEJ WESEJ WESEJ WESEJ WESEJ WESEJ WESEJ WESEJ WESEJ WESEJ WESEJ WESEJ WESEJ WESEJ WESEJ WESEJ WESEJ
[2014-12-08 17:30:21] RAW :WESEJ MODE +abcdefghijklmnopqrstuvwxyzABCDEFGHIJKLMNOPQRSTUVWXYZ0123456789 WESEJ WESEJ WESEJ WESEJ WESEJ WESEJ WESEJ WESEJ WESEJ WESEJ WESEJ WESEJ WESEJ WESEJ WESEJ WESEJ WESEJ WESEJ WESEJ WESEJ WESEJ WESEJ
[2014-12-08 17:30:21] 0 Says: .
[2014-12-08 17:30:34] 0 Says: RAW :WESEJ MODE +abcdefghijklmnopqrstuvwxyzABCDEFGHIJKLMNOPQRSTUVWXYZ0123456789 WESEJ.
[2014-12-08 17:30:34] RAW
[2014-12-08 17:30:34] => :WESEJ MODE +abcdefghijklmnopqrstuvwxyzABCDEFGHIJKLMNOPQRSTUVWXYZ0123456789 WESEJ
[2014-12-08 17:30:34] RAW :WESEJ MODE +abcdefghijklmnopqrstuvwxyzABCDEFGHIJKLMNOPQRSTUVWXYZ0123456789 WESEJ
[2014-12-08 17:30:34] 0 Says: .
[2014-12-08 17:30:37] 0 Says: RAW :WESEJ MODE +abcdefghijklmnopqrstuvwxyzABCDEFGHIJKLMNOPQRSTUVWXYZ0123456789 .
[2014-12-08 17:30:37] RAW
[2014-12-08 17:30:37] => :WESEJ MODE +abcdefghijklmnopqrstuvwxyzABCDEFGHIJKLMNOPQRSTUVWXYZ0123456789 
[2014-12-08 17:30:37] RAW :WESEJ MODE +abcdefghijklmnopqrstuvwxyzABCDEFGHIJKLMNOPQRSTUVWXYZ0123456789 
[2014-12-08 17:30:37] 0 Says: .
[2014-12-08 17:30:37] 0 Says: PING LAG1418009837601032.
[2014-12-08 17:30:37] 0 Says: .
[2014-12-08 17:30:41] 0 Says: QUIT :Ik ga weg.
[2014-12-08 17:30:41] 0 Says: .
