[2015-05-25 11:31:49] Server started at 127.0.0.1:6667                      
[2015-05-25 11:32:12] Client #0 connected
[2015-05-25 11:32:12] => :PHPIrc NOTICE AUTH :***************************************************
[2015-05-25 11:32:12] => :PHPIrc NOTICE AUTH :***         Welcome by PHP Irc.                 ***
[2015-05-25 11:32:12] => :PHPIrc NOTICE AUTH :*** © WDGWV, All Rights Reserved, www.wdgwv.com ***
[2015-05-25 11:32:12] => :PHPIrc NOTICE AUTH :***************************************************
[2015-05-25 11:32:12] => :PHPIrc NOTICE AUTH : 
[2015-05-25 11:32:12] => :PHPIrc NOTICE AUTH :*** Looking up your hostname...
[2015-05-25 11:32:12] => :PHPIrc NOTICE AUTH :*** Found your IP Adress (127.0.0.1 @ 61838)
[2015-05-25 11:32:12] => :PHPIrc NOTICE AUTH :*** Found your hostname  (localhost)
[2015-05-25 11:32:12] 0 Says: CAP LS 302.
[2015-05-25 11:32:12] 0 Says: NICK W3S.
[2015-05-25 11:32:12] NICK[2015-05-25 11:32:12] => PING :PHPIrc
[2015-05-25 11:32:12] => :PHPIrc 001 W3S :Welcome to the PHPIrcServer IRC Network W3S!W3S@At.PHPIrc
[2015-05-25 11:32:12] => :PHPIrc 002 W3S :Your host is PHPIrcServer, running version PHPIrc 0.0.1
[2015-05-25 11:32:12] => :PHPIrc 003 W3S :This server was created Wed Jan 30 2013 at 21:16:57 CET
[2015-05-25 11:32:12] => :PHPIrc 004 W3S PHP Irc0.0.1 iowghraAsORTVSxNCWqBzvdHtGpID lvhopsmntikrRcaqOALQbSeIKVfMCuzNTGjZ
[2015-05-25 11:32:12] => :PHPIrc 005 W3S CMDS=KNOCK,MAP,DCCALLOW,USERIP,STARTTLS UHNAMES NAMESX SAFELIST HCN MAXCHANNELS=30 CHANLIMIT=#:30 MAXLIST=b:500,e:500,I:500 NICKLEN=30 CHANNELLEN=32 TOPICLEN=307 KICKLEN=307 AWAYLEN=307 :are supported by this server
[2015-05-25 11:32:12] => :PHPIrc 005 W3S MAXTARGETS=20 WALLCHOPS WATCH=128 WATCHOPTS=A SILENCE=15 MODES=12 CHANTYPES=# PREFIX=(qaohv)~&@%+ CHANMODES=beI,kfL,lj,psmntirRcOAQKVCuzNSMTGZ NETWORK=PHPIrc CASEMAPPING=ascii EXTBAN=~,qjncrRa ELIST=MNUCT :are supported by this server
[2015-05-25 11:32:12] => :PHPIrc 005 W3S STATUSMSG=~&@%+ EXCEPTS INVEX :are supported by this server
[2015-05-25 11:32:12] => :PHPIrc 251 W3S :There are 1 users and 422 invisible on 5 servers
[2015-05-25 11:32:12] => :PHPIrc 252 W3S 53 :operator(s) online
[2015-05-25 11:32:12] => :PHPIrc 254 W3S 190 :channels formed
[2015-05-25 11:32:12] => :PHPIrc 255 W3S :I have 114 clients and 1 servers
[2015-05-25 11:32:12] => :PHPIrc 265 W3S 114 207 :Current local users 114, max 207
[2015-05-25 11:32:12] => :PHPIrc 266 W3S 423 2200 :Current global users 423, max 2200
[2015-05-25 11:32:12] => :PHPIrc 375 W3S :- PHPIrc Message of the Day - 
[2015-05-25 11:32:12] => :PHPIrc 372 W3S :- 8/3/2014 13:05
[2015-05-25 11:32:12] => :PHPIrc 372 W3S :- Laatste aanpassing op 8/3/2014 @ 13:13
[2015-05-25 11:32:12] => :PHPIrc 376 W3S :End of /MOTD command.
[2015-05-25 11:32:12] => :W3S MODE W3S :+iwx
[2015-05-25 11:32:12] => :Global!services@PHPIrc NOTICE W3S :Follow @WDGWV
[2015-05-25 11:32:12] 0 Says: USER W3S 0 * :WDG.
[2015-05-25 11:32:12] 0 Says: PONG PHPIrc.
[2015-05-25 11:32:12] 0 Says: JOIN #WDGWV#WDGWV,#WDGWV2#WDGWV2#WDGWV#WDGWV,#WDGWV2#WDGWV2#WDGWV#WDGWV,#WDGWV2#WDGWV2#WDGWV#WDGWV,#WDGWV2#WDGWV2.
[2015-05-25 11:32:12] JOIN CHANNEL
[2015-05-25 11:32:12] => :W3S JOIN #WDGWV#WDGWV,#WDGWV2#WDGWV2#WDGWV#WDGWV,#WDGWV2#WDGWV2#WDGWV#WDGWV,#WDGWV2#WDGWV2#WDGWV#WDGWV,#WDGWV2#WDGWV2[2015-05-25 11:32:12] => #WDGWV#WDGWV,#WDGWV2#WDGWV2#WDGWV#WDGWV,#WDGWV2#WDGWV2#WDGWV#WDGWV,#WDGWV2#WDGWV2#WDGWV#WDGWV,#WDGWV2#WDGWV2 W3S W3S W3S@PHP.IRC :0 W3SW3S
[2015-05-25 11:32:12] => 332 #WDGWV#WDGWV,#WDGWV2#WDGWV2#WDGWV#WDGWV,#WDGWV2#WDGWV2#WDGWV#WDGWV,#WDGWV2#WDGWV2#WDGWV#WDGWV,#WDGWV2#WDGWV2 : http://www.wdgwv.com
[2015-05-25 11:32:12] => 333 #WDGWV#WDGWV,#WDGWV2#WDGWV2#WDGWV#WDGWV,#WDGWV2#WDGWV2#WDGWV#WDGWV,#WDGWV2#WDGWV2#WDGWV#WDGWV,#WDGWV2#WDGWV2 Global 902508764
[2015-05-25 11:32:12] => :Global MODE #WDGWV#WDGWV,#WDGWV2#WDGWV2#WDGWV#WDGWV,#WDGWV2#WDGWV2#WDGWV#WDGWV,#WDGWV2#WDGWV2#WDGWV#WDGWV,#WDGWV2#WDGWV2 +ntr
[2015-05-25 11:32:12] JOIN :W3S JOIN #WDGWV#WDGWV,#WDGWV2#WDGWV2#WDGWV#WDGWV,#WDGWV2#WDGWV2#WDGWV#WDGWV,#WDGWV2#WDGWV2#WDGWV#WDGWV,#WDGWV2#WDGWV2
[2015-05-25 11:32:13] 0 Says: PROTOCTL UHNAMES.
[2015-05-25 11:32:13] 0 Says: PROTOCTL NAMESX.
[2015-05-25 11:32:13] 0 Says: MODE #WDGWV#WDGWV,#WDGWV2#WDGWV2#WDGWV#WDGWV,#WDGWV2#WDGWV2#WDGWV#WDGWV,#WDGWV2#WDGWV2#WDGWV#WDGWV,#WDGWV2#WDGWV2#WDGWV#WDGWV,#WDGWV2#WDGWV2#WDGWV#WDGWV,#WDGWV2#WDGWV2#WDGWV#WDGWV,#WDGWV2#WDGWV2#WDGWV#WDGWV,#WDGWV2#WDGWV2.
[2015-05-25 11:32:15] 0 Says: JOIN #WDGWV2 .
[2015-05-25 11:32:15] JOIN CHANNEL
[2015-05-25 11:32:15] => :W3S JOIN #WDGWV2[2015-05-25 11:32:15] => #WDGWV2 W3S W3S W3S@PHP.IRC :0 W3SW3S
[2015-05-25 11:32:15] => 332 #WDGWV2 : http://www.wdgwv.com
[2015-05-25 11:32:15] => 333 #WDGWV2 Global 902508764
[2015-05-25 11:32:15] => :Global MODE #WDGWV2 +ntr
[2015-05-25 11:32:15] JOIN :W3S JOIN #WDGWV2
[2015-05-25 11:32:15] 0 Says: MODE #WDGWV2#WDGWV2.
[2015-05-25 11:32:17] 0 Says: JOIN #WDGWV .
[2015-05-25 11:32:17] JOIN CHANNEL
[2015-05-25 11:32:17] => :W3S JOIN #WDGWV[2015-05-25 11:32:17] => #WDGWV W3S W3S W3S@PHP.IRC :0 W3SW3S
[2015-05-25 11:32:17] => 332 #WDGWV : http://www.wdgwv.com
[2015-05-25 11:32:17] => 333 #WDGWV Global 902508764
[2015-05-25 11:32:17] => :Global MODE #WDGWV +ntr
[2015-05-25 11:32:17] JOIN :W3S JOIN #WDGWV
[2015-05-25 11:32:17] 0 Says: MODE #WDGWV#WDGWV.
