[2015-05-25 11:39:30] Server started at 127.0.0.1:6667                      
[2015-05-25 11:39:37] Client #0 connected
[2015-05-25 11:39:37] => :PHPIrc NOTICE AUTH :***************************************************
[2015-05-25 11:39:37] => :PHPIrc NOTICE AUTH :***         Welcome by PHP Irc.                 ***
[2015-05-25 11:39:37] => :PHPIrc NOTICE AUTH :*** © WDGWV, All Rights Reserved, www.wdgwv.com ***
[2015-05-25 11:39:37] => :PHPIrc NOTICE AUTH :***************************************************
[2015-05-25 11:39:37] => :PHPIrc NOTICE AUTH : 
[2015-05-25 11:39:37] => :PHPIrc NOTICE AUTH :*** Looking up your hostname...
[2015-05-25 11:39:37] => :PHPIrc NOTICE AUTH :*** Found your IP Adress (127.0.0.1 @ 62834)
[2015-05-25 11:39:37] => :PHPIrc NOTICE AUTH :*** Found your hostname  (localhost)
[2015-05-25 11:39:37] 0 Says: CAP LS 302.
[2015-05-25 11:39:37] 0 Says: NICK W3S.
[2015-05-25 11:39:37] NICK[2015-05-25 11:39:37] => PING :PHPIrc
[2015-05-25 11:39:37] => :PHPIrc 001 W3S :Welcome to the PHPIrcServer IRC Network W3S!W3S@At.PHPIrc
[2015-05-25 11:39:37] => :PHPIrc 002 W3S :Your host is PHPIrcServer, running version PHPIrc 0.0.1
[2015-05-25 11:39:37] => :PHPIrc 003 W3S :This server was created Wed Jan 30 2013 at 21:16:57 CET
[2015-05-25 11:39:37] => :PHPIrc 004 W3S PHP Irc0.0.1 iowghraAsORTVSxNCWqBzvdHtGpID lvhopsmntikrRcaqOALQbSeIKVfMCuzNTGjZ
[2015-05-25 11:39:37] => :PHPIrc 005 W3S CMDS=KNOCK,MAP,DCCALLOW,USERIP,STARTTLS UHNAMES NAMESX SAFELIST HCN MAXCHANNELS=30 CHANLIMIT=#:30 MAXLIST=b:500,e:500,I:500 NICKLEN=30 CHANNELLEN=32 TOPICLEN=307 KICKLEN=307 AWAYLEN=307 :are supported by this server
[2015-05-25 11:39:37] => :PHPIrc 005 W3S MAXTARGETS=20 WALLCHOPS WATCH=128 WATCHOPTS=A SILENCE=15 MODES=12 CHANTYPES=# PREFIX=(qaohv)~&@%+ CHANMODES=beI,kfL,lj,psmntirRcOAQKVCuzNSMTGZ NETWORK=PHPIrc CASEMAPPING=ascii EXTBAN=~,qjncrRa ELIST=MNUCT :are supported by this server
[2015-05-25 11:39:37] => :PHPIrc 005 W3S STATUSMSG=~&@%+ EXCEPTS INVEX :are supported by this server
[2015-05-25 11:39:37] => :PHPIrc 251 W3S :There are 1 users and 422 invisible on 5 servers
[2015-05-25 11:39:37] => :PHPIrc 252 W3S 53 :operator(s) online
[2015-05-25 11:39:37] => :PHPIrc 254 W3S 190 :channels formed
[2015-05-25 11:39:37] => :PHPIrc 255 W3S :I have 114 clients and 1 servers
[2015-05-25 11:39:37] => :PHPIrc 265 W3S 114 207 :Current local users 114, max 207
[2015-05-25 11:39:37] => :PHPIrc 266 W3S 423 2200 :Current global users 423, max 2200
[2015-05-25 11:39:37] => :PHPIrc 375 W3S :- PHPIrc Message of the Day - 
[2015-05-25 11:39:37] => :PHPIrc 372 W3S :- 8/3/2014 13:05
[2015-05-25 11:39:37] => :PHPIrc 372 W3S :- Laatste aanpassing op 8/3/2014 @ 13:13
[2015-05-25 11:39:37] => :PHPIrc 376 W3S :End of /MOTD command.
[2015-05-25 11:39:37] => :W3S MODE W3S :+iwx
[2015-05-25 11:39:37] => :Global!services@PHPIrc NOTICE W3S :Follow @WDGWV
[2015-05-25 11:39:37] 0 Says: USER W3S 0 * :WDG.
[2015-05-25 11:39:37] 0 Says: PONG PHPIrc.
[2015-05-25 11:39:37] 0 Says: JOIN #W2.
[2015-05-25 11:39:37] JOIN CHANNEL
[2015-05-25 11:39:37] => :W3S JOIN #W2
[2015-05-25 11:39:37] => #W2 W3S W3S W3S@PHP.IRC :0 W3SW3S
[2015-05-25 11:39:37] => 332 #W2 :http://www.wdgwv.com
[2015-05-25 11:39:37] => 333 #W2 Global 902508764
[2015-05-25 11:39:37] => :Global MODE #W2 +ntr
[2015-05-25 11:39:37] JOIN :W3S JOIN #W2

[2015-05-25 11:39:37] 0 Says: PROTOCTL UHNAMES.
[2015-05-25 11:39:37] 0 Says: PROTOCTL NAMESX.
[2015-05-25 11:39:37] 0 Says: MODE #W2.
[2015-05-25 11:39:42] 0 Says: PRIVMSG #W2 ::P:P.
[2015-05-25 11:39:45] 0 Says: PRIVMSG #W2 ::p.
